#
# There is insufficient memory for the Java Runtime Environment to continue.
# Native memory allocation (malloc) failed to allocate 665456 bytes for Chunk::new
# Possible reasons:
#   The system is out of physical RAM or swap space
#   In 32 bit mode, the process size limit was hit
# Possible solutions:
#   Reduce memory load on the system
#   Increase physical memory or swap space
#   Check if swap backing store is full
#   Use 64 bit Java on a 64 bit OS
#   Decrease Java heap size (-Xmx/-Xms)
#   Decrease number of Java threads
#   Decrease Java thread stack sizes (-Xss)
#   Set larger code cache with -XX:ReservedCodeCacheSize=
# This output file may be truncated or incomplete.
#
#  Out of Memory Error (allocation.cpp:390), pid=16144, tid=0x0000000000003544
#
# JRE version: Java(TM) SE Runtime Environment (8.0_181-b13) (build 1.8.0_181-b13)
# Java VM: Java HotSpot(TM) 64-Bit Server VM (25.181-b13 mixed mode windows-amd64 compressed oops)
# Failed to write core dump. Minidumps are not enabled by default on client versions of Windows
#

---------------  T H R E A D  ---------------

Current thread (0x000000001e2ab800):  JavaThread "C2 CompilerThread0" daemon [_thread_in_native, id=13636, stack(0x000000001e970000,0x000000001ea70000)]

Stack: [0x000000001e970000,0x000000001ea70000]
[error occurred during error reporting (printing stack bounds), id 0xc0000005]

Native frames: (J=compiled Java code, j=interpreted, Vv=VM code, C=native code)


Current CompileTask:
C2:   3099 1160   !   4       java.lang.ClassLoader::loadClass (122 bytes)


---------------  P R O C E S S  ---------------

Java Threads: ( => current thread )
  0x000000001e34c000 JavaThread "Service Thread" daemon [_thread_blocked, id=15016, stack(0x000000001ec70000,0x000000001ed70000)]
  0x000000001e2b0800 JavaThread "C1 CompilerThread2" daemon [_thread_blocked, id=14828, stack(0x000000001eb70000,0x000000001ec70000)]
  0x000000001e2ae800 JavaThread "C2 CompilerThread1" daemon [_thread_blocked, id=15328, stack(0x000000001ea70000,0x000000001eb70000)]
=>0x000000001e2ab800 JavaThread "C2 CompilerThread0" daemon [_thread_in_native, id=13636, stack(0x000000001e970000,0x000000001ea70000)]
  0x000000001e294000 JavaThread "Monitor Ctrl-Break" daemon [_thread_in_native, id=11296, stack(0x000000001e870000,0x000000001e970000)]
  0x000000001cf1b000 JavaThread "Attach Listener" daemon [_thread_blocked, id=11344, stack(0x000000001e770000,0x000000001e870000)]
  0x000000001cf7e000 JavaThread "Signal Dispatcher" daemon [_thread_blocked, id=3732, stack(0x000000001e670000,0x000000001e770000)]
  0x000000001cf0a800 JavaThread "Finalizer" daemon [_thread_blocked, id=7864, stack(0x000000001e170000,0x000000001e270000)]
  0x00000000038a4000 JavaThread "Reference Handler" daemon [_thread_blocked, id=5236, stack(0x000000001e070000,0x000000001e170000)]
  0x00000000035ee800 JavaThread "main" [_thread_in_vm, id=15420, stack(0x0000000003470000,0x0000000003570000)]

Other Threads:
  0x000000001cee9000 VMThread [stack: 0x000000001df70000,0x000000001e070000] [id=5276]
  0x000000001e362000 WatcherThread [stack: 0x000000001ed70000,0x000000001ee70000] [id=1300]

VM state:not at safepoint (normal execution)

VM Mutex/Monitor currently owned by a thread: None

Heap:
 PSYoungGen      total 153088K, used 86929K [0x000000076ae00000, 0x0000000775880000, 0x00000007c0000000)
  eden space 131584K, 66% used [0x000000076ae00000,0x00000007702e45a8,0x0000000772e80000)
  from space 21504K, 0% used [0x0000000774380000,0x0000000774380000,0x0000000775880000)
  to   space 21504K, 0% used [0x0000000772e80000,0x0000000772e80000,0x0000000774380000)
 ParOldGen       total 349696K, used 0K [0x00000006c0a00000, 0x00000006d5f80000, 0x000000076ae00000)
  object space 349696K, 0% used [0x00000006c0a00000,0x00000006c0a00000,0x00000006d5f80000)
 Metaspace       used 13193K, capacity 13470K, committed 13824K, reserved 1060864K
  class space    used 1630K, capacity 1736K, committed 1792K, reserved 1048576K

Card table byte_map: [0x0000000012c70000,0x0000000013470000] byte_map_base: 0x000000000f66b000

Marking Bits: (ParMarkBitMap*) 0x00000000523b2d00
 Begin Bits: [0x0000000013dd0000, 0x0000000017da8000)
 End Bits:   [0x0000000017da8000, 0x000000001bd80000)

Polling page: 0x0000000001880000

CodeCache: size=245760Kb used=4756Kb max_used=4756Kb free=241003Kb
 bounds [0x00000000038b0000, 0x0000000003d60000, 0x00000000128b0000]
 total_blobs=1599 nmethods=1252 adapters=259
 compilation: enabled

Compilation events (10 events):
Event: 3.086 Thread 0x000000001e2b0800 nmethod 1252 0x0000000003d4d5d0 code [0x0000000003d4d780, 0x0000000003d4ddb8]
Event: 3.086 Thread 0x000000001e2b0800 1249       3       com.google.inject.internal.AbstractBindingProcessor$Processor::<init> (48 bytes)
Event: 3.087 Thread 0x000000001e2b0800 nmethod 1249 0x0000000003d4e010 code [0x0000000003d4e180, 0x0000000003d4e710]
Event: 3.087 Thread 0x000000001e2b0800 1246       3       com.google.common.collect.ImmutableList::copyOf (22 bytes)
Event: 3.088 Thread 0x000000001e2b0800 nmethod 1246 0x0000000003d4e890 code [0x0000000003d4ea80, 0x0000000003d4f3f8]
Event: 3.088 Thread 0x000000001e2b0800 1247       3       java.util.Collections$EmptyMap::values (4 bytes)
Event: 3.088 Thread 0x000000001e2b0800 nmethod 1247 0x0000000003d4f9d0 code [0x0000000003d4fb40, 0x0000000003d4fcf0]
Event: 3.089 Thread 0x000000001e2b0800 1248       3       java.util.Collections$EmptySet::toArray (11 bytes)
Event: 3.089 Thread 0x000000001e2b0800 nmethod 1248 0x0000000003d4fd90 code [0x0000000003d4ff00, 0x0000000003d501f0]
Event: 3.090 Thread 0x000000001e2b0800 1253   !   3       com.google.common.cache.LocalCache$Segment::lockedGetOrLoad (447 bytes)

GC Heap History (0 events):
No events

Deoptimization events (10 events):
Event: 1.730 Thread 0x00000000035ee800 Uncommon trap: reason=unstable_if action=reinterpret pc=0x0000000003b52bc4 method=java.util.HashMap.getNode(ILjava/lang/Object;)Ljava/util/HashMap$Node; @ 129
Event: 1.830 Thread 0x00000000035ee800 Uncommon trap: reason=unstable_if action=reinterpret pc=0x0000000003ba5414 method=java.nio.charset.CoderResult.isOverflow()Z @ 5
Event: 1.840 Thread 0x00000000035ee800 Uncommon trap: reason=unstable_if action=reinterpret pc=0x0000000003ba1410 method=java.io.Reader.read()I @ 12
Event: 1.982 Thread 0x00000000035ee800 Uncommon trap: reason=unstable_if action=reinterpret pc=0x0000000003bd5b24 method=org.codehaus.plexus.util.xml.pull.MXParser.nextImpl()I @ 1046
Event: 2.102 Thread 0x00000000035ee800 Uncommon trap: reason=unstable_if action=reinterpret pc=0x0000000003bc868c method=sun.nio.cs.StreamDecoder.implRead([CII)I @ 197
Event: 2.138 Thread 0x00000000035ee800 Uncommon trap: reason=unstable_if action=reinterpret pc=0x0000000003b5079c method=java.util.HashMap.getNode(ILjava/lang/Object;)Ljava/util/HashMap$Node; @ 129
Event: 2.138 Thread 0x00000000035ee800 Uncommon trap: reason=bimorphic action=maybe_recompile pc=0x0000000003c04a40 method=java.util.HashMap.putVal(ILjava/lang/Object;Ljava/lang/Object;ZZ)Ljava/lang/Object; @ 203
Event: 2.156 Thread 0x00000000035ee800 Uncommon trap: reason=range_check action=make_not_entrant pc=0x0000000003bab268 method=sun.reflect.generics.parser.SignatureParser.current()C @ 34
Event: 3.052 Thread 0x00000000035ee800 Uncommon trap: reason=bimorphic action=maybe_recompile pc=0x0000000003c04a40 method=java.util.HashMap.putVal(ILjava/lang/Object;Ljava/lang/Object;ZZ)Ljava/lang/Object; @ 203
Event: 3.055 Thread 0x00000000035ee800 Uncommon trap: reason=bimorphic action=maybe_recompile pc=0x0000000003c04a40 method=java.util.HashMap.putVal(ILjava/lang/Object;Ljava/lang/Object;ZZ)Ljava/lang/Object; @ 203

Classes redefined (0 events):
No events

Internal exceptions (10 events):
Event: 0.416 Thread 0x00000000035ee800 Exception <a 'java/security/PrivilegedActionException'> (0x000000076b704ed0) thrown at [C:\re\workspace\8-2-build-windows-amd64-cygwin\jdk8u181\11358\hotspot\src\share\vm\prims\jvm.cpp, line 1435]
Event: 0.416 Thread 0x00000000035ee800 Exception <a 'java/security/PrivilegedActionException'> (0x000000076b7052c8) thrown at [C:\re\workspace\8-2-build-windows-amd64-cygwin\jdk8u181\11358\hotspot\src\share\vm\prims\jvm.cpp, line 1435]
Event: 0.418 Thread 0x00000000035ee800 Exception <a 'java/security/PrivilegedActionException'> (0x000000076b7093c0) thrown at [C:\re\workspace\8-2-build-windows-amd64-cygwin\jdk8u181\11358\hotspot\src\share\vm\prims\jvm.cpp, line 1435]
Event: 0.418 Thread 0x00000000035ee800 Exception <a 'java/security/PrivilegedActionException'> (0x000000076b7097b8) thrown at [C:\re\workspace\8-2-build-windows-amd64-cygwin\jdk8u181\11358\hotspot\src\share\vm\prims\jvm.cpp, line 1435]
Event: 1.711 Thread 0x00000000035ee800 Exception <a 'java/lang/ArrayIndexOutOfBoundsException'> (0x000000076cd1cc10) thrown at [C:\re\workspace\8-2-build-windows-amd64-cygwin\jdk8u181\11358\hotspot\src\share\vm\runtime\sharedRuntime.cpp, line 605]
Event: 1.715 Thread 0x00000000035ee800 Exception <a 'java/lang/ArrayIndexOutOfBoundsException'> (0x000000076cd3aa48) thrown at [C:\re\workspace\8-2-build-windows-amd64-cygwin\jdk8u181\11358\hotspot\src\share\vm\runtime\sharedRuntime.cpp, line 605]
Event: 1.728 Thread 0x00000000035ee800 Exception <a 'java/lang/ArrayIndexOutOfBoundsException'> (0x000000076cd7f678) thrown at [C:\re\workspace\8-2-build-windows-amd64-cygwin\jdk8u181\11358\hotspot\src\share\vm\runtime\sharedRuntime.cpp, line 605]
Event: 2.009 Thread 0x00000000035ee800 Exception <a 'java/lang/ArrayIndexOutOfBoundsException'> (0x000000076d72d5a0) thrown at [C:\re\workspace\8-2-build-windows-amd64-cygwin\jdk8u181\11358\hotspot\src\share\vm\runtime\sharedRuntime.cpp, line 605]
Event: 2.012 Thread 0x00000000035ee800 Exception <a 'java/lang/ArrayIndexOutOfBoundsException'> (0x000000076d731f00) thrown at [C:\re\workspace\8-2-build-windows-amd64-cygwin\jdk8u181\11358\hotspot\src\share\vm\runtime\sharedRuntime.cpp, line 605]
Event: 2.156 Thread 0x00000000035ee800 Exception <a 'java/lang/ArrayIndexOutOfBoundsException': 66> (0x000000076da94900) thrown at [C:\re\workspace\8-2-build-windows-amd64-cygwin\jdk8u181\11358\hotspot\src\share\vm\interpreter\interpreterRuntime.cpp, line 366]

Events (10 events):
Event: 3.066 loading class com/google/inject/internal/UntargettedBindingProcessor$1
Event: 3.066 loading class com/google/inject/internal/UntargettedBindingProcessor$1 done
Event: 3.090 loading class com/google/inject/internal/ModuleAnnotatedMethodScannerProcessor
Event: 3.090 loading class com/google/inject/internal/ModuleAnnotatedMethodScannerProcessor done
Event: 3.091 loading class com/google/inject/internal/PrivateElementProcessor
Event: 3.091 loading class com/google/inject/internal/PrivateElementProcessor done
Event: 3.092 loading class com/google/inject/internal/EncounterImpl
Event: 3.092 loading class com/google/inject/internal/EncounterImpl done
Event: 3.094 loading class org/eclipse/sisu/bean/BeanLifecycle
Event: 3.094 loading class org/eclipse/sisu/bean/BeanLifecycle done


Dynamic libraries:
0x00007ff68b690000 - 0x00007ff68b6c7000 	C:\Program Files\Java\jdk1.8.0_181\bin\java.exe
0x00007ffb142f0000 - 0x00007ffb144e5000 	C:\WINDOWS\SYSTEM32\ntdll.dll
0x00007ffb12b90000 - 0x00007ffb12c4d000 	C:\WINDOWS\System32\KERNEL32.DLL
0x00007ffb11fa0000 - 0x00007ffb12267000 	C:\WINDOWS\System32\KERNELBASE.dll
0x00007ffb13c50000 - 0x00007ffb13cfa000 	C:\WINDOWS\System32\ADVAPI32.dll
0x00007ffb13b40000 - 0x00007ffb13bde000 	C:\WINDOWS\System32\msvcrt.dll
0x00007ffb12af0000 - 0x00007ffb12b8b000 	C:\WINDOWS\System32\sechost.dll
0x00007ffb123b0000 - 0x00007ffb124d3000 	C:\WINDOWS\System32\RPCRT4.dll
0x00007ffb12690000 - 0x00007ffb12830000 	C:\WINDOWS\System32\USER32.dll
0x00007ffb12320000 - 0x00007ffb12342000 	C:\WINDOWS\System32\win32u.dll
0x00007ffb12a40000 - 0x00007ffb12a6a000 	C:\WINDOWS\System32\GDI32.dll
0x00007ffb11be0000 - 0x00007ffb11ce9000 	C:\WINDOWS\System32\gdi32full.dll
0x00007ffb11b10000 - 0x00007ffb11bad000 	C:\WINDOWS\System32\msvcp_win.dll
0x00007ffb11d40000 - 0x00007ffb11e40000 	C:\WINDOWS\System32\ucrtbase.dll
0x00007ffb031e0000 - 0x00007ffb0347b000 	C:\WINDOWS\WinSxS\amd64_microsoft.windows.common-controls_6595b64144ccf1df_6.0.19041.487_none_ca03aebe1b8243ca\COMCTL32.dll
0x00007ffb124e0000 - 0x00007ffb12510000 	C:\WINDOWS\System32\IMM32.DLL
0x0000000052ef0000 - 0x0000000052fc2000 	C:\Program Files\Java\jdk1.8.0_181\jre\bin\msvcr100.dll
0x0000000051b90000 - 0x0000000052432000 	C:\Program Files\Java\jdk1.8.0_181\jre\bin\server\jvm.dll
0x00007ffb13c40000 - 0x00007ffb13c48000 	C:\WINDOWS\System32\PSAPI.DLL
0x00007ffb09550000 - 0x00007ffb09577000 	C:\WINDOWS\SYSTEM32\WINMM.dll
0x00007ffb0d8f0000 - 0x00007ffb0d8f9000 	C:\WINDOWS\SYSTEM32\WSOCK32.dll
0x00007ffb0a780000 - 0x00007ffb0a78a000 	C:\WINDOWS\SYSTEM32\VERSION.dll
0x00007ffb12c50000 - 0x00007ffb12cbb000 	C:\WINDOWS\System32\WS2_32.dll
0x0000000052ee0000 - 0x0000000052eef000 	C:\Program Files\Java\jdk1.8.0_181\jre\bin\verify.dll
0x0000000052eb0000 - 0x0000000052ed9000 	C:\Program Files\Java\jdk1.8.0_181\jre\bin\java.dll
0x0000000052e20000 - 0x0000000052e43000 	C:\Program Files\Java\jdk1.8.0_181\jre\bin\instrument.dll
0x0000000052e90000 - 0x0000000052ea6000 	C:\Program Files\Java\jdk1.8.0_181\jre\bin\zip.dll
0x00007ffb12cc0000 - 0x00007ffb13401000 	C:\WINDOWS\System32\SHELL32.dll
0x00007ffb0fb70000 - 0x00007ffb10302000 	C:\WINDOWS\SYSTEM32\windows.storage.dll
0x00007ffb13e10000 - 0x00007ffb14164000 	C:\WINDOWS\System32\combase.dll
0x00007ffb114a0000 - 0x00007ffb114cc000 	C:\WINDOWS\SYSTEM32\Wldp.dll
0x00007ffb12510000 - 0x00007ffb125be000 	C:\WINDOWS\System32\SHCORE.dll
0x00007ffb129e0000 - 0x00007ffb12a35000 	C:\WINDOWS\System32\shlwapi.dll
0x00007ffb11960000 - 0x00007ffb11986000 	C:\WINDOWS\SYSTEM32\profapi.dll
0x00007ffb0cd60000 - 0x00007ffb0cd7a000 	D:\DevelopUtils\ideaIU-2020.2.win\bin\breakgen64.dll
0x0000000052e70000 - 0x0000000052e8a000 	C:\Program Files\Java\jdk1.8.0_181\jre\bin\net.dll
0x00007ffb11220000 - 0x00007ffb1128a000 	C:\WINDOWS\system32\mswsock.dll
0x00007ffb113f0000 - 0x00007ffb11408000 	C:\WINDOWS\SYSTEM32\CRYPTSP.dll
0x00007ffb10b40000 - 0x00007ffb10b74000 	C:\WINDOWS\system32\rsaenh.dll
0x00007ffb11bb0000 - 0x00007ffb11bd7000 	C:\WINDOWS\System32\bcrypt.dll
0x00007ffb11920000 - 0x00007ffb1194e000 	C:\WINDOWS\SYSTEM32\USERENV.dll
0x00007ffb11a30000 - 0x00007ffb11aaf000 	C:\WINDOWS\System32\bcryptprimitives.dll
0x00007ffb11410000 - 0x00007ffb1141c000 	C:\WINDOWS\SYSTEM32\CRYPTBASE.dll
0x00007ffb10ec0000 - 0x00007ffb10efb000 	C:\WINDOWS\SYSTEM32\IPHLPAPI.DLL
0x00007ffb142a0000 - 0x00007ffb142a9000 	C:\WINDOWS\System32\NSI.dll
0x00007ffb0a800000 - 0x00007ffb0a817000 	C:\WINDOWS\SYSTEM32\dhcpcsvc6.DLL
0x00007ffb0a7b0000 - 0x00007ffb0a7cd000 	C:\WINDOWS\SYSTEM32\dhcpcsvc.DLL
0x00007ffb10f10000 - 0x00007ffb10fdb000 	C:\WINDOWS\SYSTEM32\DNSAPI.dll
0x0000000052e50000 - 0x0000000052e61000 	C:\Program Files\Java\jdk1.8.0_181\jre\bin\nio.dll
0x00007ffb01a00000 - 0x00007ffb01a0a000 	C:\Users\Administrator\AppData\Local\Temp\jansi-1.17.1-6682585511734439888.dll
0x00007ffb01950000 - 0x00007ffb0195a000 	C:\Users\Administrator\AppData\Local\Temp\jansi-1.17.1-6465011043794729470.dll

VM Arguments:
jvm_args: -Dmaven.multiModuleProjectDirectory=E:\code\idea-workspace\pinyougou\pinyougou-parent\pinyougou-content-service -Xms512m -Xmx4086m -DarchetypeCatalog=internal -Dmaven.home=E:\developServer\apache-maven-3.6.3 -Dclassworlds.conf=E:\developServer\apache-maven-3.6.3\bin\m2.conf -Dmaven.ext.class.path=D:\DevelopUtils\ideaIU-2020.2.win\plugins\maven\lib\maven-event-listener.jar -javaagent:D:\DevelopUtils\ideaIU-2020.2.win\lib\idea_rt.jar=6265:D:\DevelopUtils\ideaIU-2020.2.win\bin -Dfile.encoding=UTF-8 
java_command: org.codehaus.classworlds.Launcher -Didea.version=2020.2.1 -s E:\developServer\apache-maven-3.6.3\conf\settings.xml -Dmaven.repo.local=E:\developServer\Repository -DskipTests=true tomcat7:run
java_class_path (initial): E:\developServer\apache-maven-3.6.3\boot\plexus-classworlds-2.6.0.jar;E:\developServer\apache-maven-3.6.3\boot\plexus-classworlds.license;D:\DevelopUtils\ideaIU-2020.2.win\lib\idea_rt.jar
Launcher Type: SUN_STANDARD

Environment Variables:
JAVA_HOME=C:\Program Files\Java\jdk1.8.0_181
CLASSPATH=.C:\Program Files\Java\jdk1.8.0_181\lib;C:\Program Files\Java\jdk1.8.0_181\lib\tools.jar
PATH=C:\Python38\Scripts\;C:\Python38\;C:\Windows\system32;C:\Windows;C:\Windows\System32\Wbem;C:\Windows\System32\WindowsPowerShell\v1.0\;C:\Program Files\Java\jdk1.8.0_181\bin;C:\Program Files (x86)\NVIDIA Corporation\PhysX\Common;C:\Program Files\NVIDIA Corporation\NVIDIA NvDLISR;E:\developServer\apache-maven-3.6.3\bin;E:\developServer\Redis\redis-2.8.9;D:\Program Files\erl9.2\bin;%RABBITMQ_SERVER%\sbin;D:\Program Files\mysql-5.7.30-winx64\bin;%nexus%;D:\Program Files\MongoDB\Server\3.4\bin;C:\Program Files\Java\jdk1.8.0_181\bin;D:\Program Files (x86)\Subversion\bin;C:\ProgramData\chocolatey\bin;C:\WINDOWS\system32;C:\WINDOWS;C:\WINDOWS\System32\Wbem;C:\WINDOWS\System32\WindowsPowerShell\v1.0\;C:\WINDOWS\System32\OpenSSH\;D:\Program Files\Git\cmd;C:\Program Files\TortoiseGit\bin;D:\HashiCorp\Vagrant\bin;C:\Program Files\nodejs\;D:\Program Files\Ruby26-x64\bin;D:\Program Files\JetBrains\IntelliJ IDEA 2019.2.1\bin;D:\Program Files\Microsoft VS Code\bin;C:\Users\Administrator\AppData\Local\Microsoft\WindowsApps;D:\Program Files (x86)\Fiddler;C:\Users\Administrator\AppData\Roaming\npm
USERNAME=Administrator
OS=Windows_NT
PROCESSOR_IDENTIFIER=Intel64 Family 6 Model 58 Stepping 9, GenuineIntel



---------------  S Y S T E M  ---------------

OS: Windows 10.0 , 64 bit Build 19041 (10.0.19041.292)

CPU:total 4 (initial active 4) (2 cores per cpu, 2 threads per core) family 6 model 58 stepping 9, cmov, cx8, fxsr, mmx, sse, sse2, sse3, ssse3, sse4.1, sse4.2, popcnt, avx, aes, clmul, erms, ht, tsc, tscinvbit, tscinv

Memory: 4k page, physical 16726380k(6508420k free), swap 17774956k(5264k free)

vm_info: Java HotSpot(TM) 64-Bit Server VM (25.181-b13) for windows-amd64 JRE (1.8.0_181-b13), built on Jul  7 2018 04:01:33 by "java_re" with MS VC++ 10.0 (VS2010)

time: Thu Sep 10 17:14:30 2020
elapsed time: 3 seconds (0d 0h 0m 3s)

